android/tencent_short_video/lib_tcvideorecord/build/intermediates/manifest_merge_blame_file/debug/manifest-merger-blame-debug-report.txt
1<?xml version="1.0" encoding="utf-8"?>
2<manifest xmlns:android="http://schemas.android.com/apk/res/android"
3    package="com.tencent.liteav.demo.videorecord"
4    android:versionCode="1"
5    android:versionName="1.0" >
6
7    <uses-sdk
8        android:minSdkVersion="19"
8-->src\main\AndroidManifest.xml
9        android:targetSdkVersion="29" />
9-->src\main\AndroidManifest.xml
10
11    <application>
11-->src\main\AndroidManifest.xml:7:5-18:19
12        <activity
12-->src\main\AndroidManifest.xml:8:9-10:77
13            android:name="com.tencent.liteav.demo.videorecord.TCVideoRecordActivity"
13-->src\main\AndroidManifest.xml:9:13-50
14            android:configChanges="keyboardHidden|orientation|screenSize" />
14-->src\main\AndroidManifest.xml:10:13-74
15        <activity
15-->src\main\AndroidManifest.xml:11:9-13:77
16            android:name="com.tencent.liteav.demo.videorecord.TCVideoRecordSmartActivity"
16-->src\main\AndroidManifest.xml:12:13-55
17            android:configChanges="keyboardHidden|orientation|screenSize" />
17-->src\main\AndroidManifest.xml:13:13-74
18        <activity
18-->src\main\AndroidManifest.xml:14:9-17:52
19            android:name="com.tencent.liteav.demo.videorecord.TCVideoSettingActivity"
19-->src\main\AndroidManifest.xml:15:13-51
20            android:configChanges="keyboardHidden|orientation|screenSize"
20-->src\main\AndroidManifest.xml:16:13-74
21            android:screenOrientation="portrait" />
21-->src\main\AndroidManifest.xml:17:13-49
22    </application>
23
24</manifest>